0 info it worked if it ends with ok
1 verbose cli [ '/usr/local/bin/node',
1 verbose cli   '/usr/local/bin/npm',
1 verbose cli   'install',
1 verbose cli   'object-assign' ]
2 info using npm@1.4.28
3 info using node@v0.10.33
4 warn package.json heartbit-webserver@0.1.0 No description
5 warn package.json heartbit-webserver@0.1.0 No repository field.
6 warn package.json heartbit-webserver@0.1.0 No README data
7 warn package.json keymirror@0.1.0 No repository field.
8 verbose readDependencies using package.json deps
9 verbose cache add [ 'object-assign', null ]
10 verbose cache add name=undefined spec="object-assign" args=["object-assign",null]
11 verbose parsed url { protocol: null,
11 verbose parsed url   slashes: null,
11 verbose parsed url   auth: null,
11 verbose parsed url   host: null,
11 verbose parsed url   port: null,
11 verbose parsed url   hostname: null,
11 verbose parsed url   hash: null,
11 verbose parsed url   search: null,
11 verbose parsed url   query: null,
11 verbose parsed url   pathname: 'object-assign',
11 verbose parsed url   path: 'object-assign',
11 verbose parsed url   href: 'object-assign' }
12 silly lockFile 8e4f6f89-object-assign object-assign
13 verbose lock object-assign /home/francois/.npm/8e4f6f89-object-assign.lock
14 silly lockFile 8e4f6f89-object-assign object-assign
15 silly lockFile 8e4f6f89-object-assign object-assign
16 verbose addNamed [ 'object-assign', '' ]
17 verbose addNamed [ null, '*' ]
18 silly lockFile dcbff53c-object-assign object-assign@
19 verbose lock object-assign@ /home/francois/.npm/dcbff53c-object-assign.lock
20 silly addNameRange { name: 'object-assign', range: '*', hasData: false }
21 verbose request where is /object-assign
22 verbose request registry https://registry.npmjs.org/
23 verbose request id f3c3b2f313c2e552
24 verbose url raw /object-assign
25 verbose url resolving [ 'https://registry.npmjs.org/', './object-assign' ]
26 verbose url resolved https://registry.npmjs.org/object-assign
27 verbose request where is https://registry.npmjs.org/object-assign
28 info trying registry request attempt 1 at 17:23:35
29 verbose etag "A4K8P8NMUY83QULPAAGAEDCOA"
30 http GET https://registry.npmjs.org/object-assign
31 http 304 https://registry.npmjs.org/object-assign
32 silly registry.get cb [ 304,
32 silly registry.get   { date: 'Thu, 04 Dec 2014 16:23:38 GMT',
32 silly registry.get     server: 'Apache',
32 silly registry.get     via: '1.1 varnish',
32 silly registry.get     'last-modified': 'Thu, 04 Dec 2014 16:23:38 GMT',
32 silly registry.get     'cache-control': 'max-age=60',
32 silly registry.get     etag: '"A4K8P8NMUY83QULPAAGAEDCOA"',
32 silly registry.get     age: '60',
32 silly registry.get     'x-served-by': 'cache-fra1240-FRA',
32 silly registry.get     'x-cache': 'HIT',
32 silly registry.get     'x-cache-hits': '1',
32 silly registry.get     'x-timer': 'S1417710218.142087,VS0,VE0',
32 silly registry.get     vary: 'Accept',
32 silly registry.get     'content-length': '0',
32 silly registry.get     'keep-alive': 'timeout=10, max=50',
32 silly registry.get     connection: 'Keep-Alive' } ]
33 verbose etag https://registry.npmjs.org/object-assign from cache
34 silly addNameRange number 2 { name: 'object-assign', range: '*', hasData: true }
35 silly addNameRange versions [ 'object-assign',
35 silly addNameRange   [ '0.1.0',
35 silly addNameRange     '0.1.1',
35 silly addNameRange     '0.1.2',
35 silly addNameRange     '0.2.0',
35 silly addNameRange     '0.2.1',
35 silly addNameRange     '0.2.2',
35 silly addNameRange     '0.3.0',
35 silly addNameRange     '0.3.1',
35 silly addNameRange     '0.4.0',
35 silly addNameRange     '1.0.0',
35 silly addNameRange     '2.0.0' ] ]
36 verbose addNamed [ 'object-assign', '2.0.0' ]
37 verbose addNamed [ '2.0.0', '2.0.0' ]
38 silly lockFile 806ee24e-object-assign-2-0-0 object-assign@2.0.0
39 verbose lock object-assign@2.0.0 /home/francois/.npm/806ee24e-object-assign-2-0-0.lock
40 silly lockFile a153f721-t-assign-object-assign-2-0-0-tgz https://registry.npmjs.org/object-assign/-/object-assign-2.0.0.tgz
41 verbose lock https://registry.npmjs.org/object-assign/-/object-assign-2.0.0.tgz /home/francois/.npm/a153f721-t-assign-object-assign-2-0-0-tgz.lock
42 verbose addRemoteTarball [ 'https://registry.npmjs.org/object-assign/-/object-assign-2.0.0.tgz',
42 verbose addRemoteTarball   'f8309b09083b01261ece3ef7373f2b57b8dd7042' ]
43 info retry fetch attempt 1 at 17:23:35
44 verbose fetch to= /tmp/npm-31743-ViYFIMvY/registry.npmjs.org/object-assign/-/object-assign-2.0.0.tgz
45 http GET https://registry.npmjs.org/object-assign/-/object-assign-2.0.0.tgz
46 http 200 https://registry.npmjs.org/object-assign/-/object-assign-2.0.0.tgz
47 silly lockFile a153f721-t-assign-object-assign-2-0-0-tgz https://registry.npmjs.org/object-assign/-/object-assign-2.0.0.tgz
48 silly lockFile a153f721-t-assign-object-assign-2-0-0-tgz https://registry.npmjs.org/object-assign/-/object-assign-2.0.0.tgz
49 silly lockFile 806ee24e-object-assign-2-0-0 object-assign@2.0.0
50 silly lockFile 806ee24e-object-assign-2-0-0 object-assign@2.0.0
51 silly lockFile dcbff53c-object-assign object-assign@
52 silly lockFile dcbff53c-object-assign object-assign@
53 error Error: EACCES, mkdir '/home/francois/.npm/object-assign/2.0.0'
53 error  { [Error: EACCES, mkdir '/home/francois/.npm/object-assign/2.0.0']
53 error   errno: 3,
53 error   code: 'EACCES',
53 error   path: '/home/francois/.npm/object-assign/2.0.0',
53 error   parent: 'heartbit-webserver' }
54 error Please try running this command again as root/Administrator.
55 error System Linux 3.13.0-24-generic
56 error command "/usr/local/bin/node" "/usr/local/bin/npm" "install" "object-assign"
57 error cwd /home/francois/dev/HeartbitAccount
58 error node -v v0.10.33
59 error npm -v 1.4.28
60 error path /home/francois/.npm/object-assign/2.0.0
61 error code EACCES
62 error errno 3
63 error stack Error: EACCES, mkdir '/home/francois/.npm/object-assign/2.0.0'
64 verbose exit [ 3, true ]
